Flow report for DMAC_Top
Tue Dec 05 23:50:59 2017
Quartus II 64-Bit Version 13.0.1 Build 232 06/12/2013 Service Pack 1 SJ Web Edition


---------------------
; Table of Contents ;
---------------------
  1. Legal Notice
  2. Flow Summary
  3. Flow Settings
  4. Flow Non-Default Global Settings
  5. Flow Elapsed Time
  6. Flow OS Summary
  7. Flow Log
  8. Flow Messages
  9. Flow Suppressed Messages



----------------
; Legal Notice ;
----------------
Copyright (C) 1991-2013 Altera Corporation
Your use of Altera Corporation's design tools, logic functions 
and other software and tools, and its AMPP partner logic 
functions, and any output files from any of the foregoing 
(including device programming or simulation files), and any 
associated documentation or information are expressly subject 
to the terms and conditions of the Altera Program License 
Subscription Agreement, Altera MegaCore Function License 
Agreement, or other applicable license agreement, including, 
without limitation, that your use is for the sole purpose of 
programming logic devices manufactured by Altera and sold by 
Altera or its authorized distributors.  Please refer to the 
applicable agreement for further details.



+--------------------------------------------------------------------------------------+
; Flow Summary                                                                         ;
+------------------------------------+-------------------------------------------------+
; Flow Status                        ; Successful - Tue Dec 05 23:50:59 2017           ;
; Quartus II 64-Bit Version          ; 13.0.1 Build 232 06/12/2013 SP 1 SJ Web Edition ;
; Revision Name                      ; DMAC_Top                                        ;
; Top-level Entity Name              ; DMAC_Top                                        ;
; Family                             ; Cyclone II                                      ;
; Device                             ; EP2C70F896C6                                    ;
; Timing Models                      ; Final                                           ;
; Total logic elements               ; 1,616 / 68,416 ( 2 % )                          ;
;     Total combinational functions  ; 1,241 / 68,416 ( 2 % )                          ;
;     Dedicated logic registers      ; 1,182 / 68,416 ( 2 % )                          ;
; Total registers                    ; 1182                                            ;
; Total pins                         ; 359 / 622 ( 58 % )                              ;
; Total virtual pins                 ; 0                                               ;
; Total memory bits                  ; 0 / 1,152,000 ( 0 % )                           ;
; Embedded Multiplier 9-bit elements ; 0 / 300 ( 0 % )                                 ;
; Total PLLs                         ; 0 / 4 ( 0 % )                                   ;
+------------------------------------+-------------------------------------------------+


+-----------------------------------------+
; Flow Settings                           ;
+-------------------+---------------------+
; Option            ; Setting             ;
+-------------------+---------------------+
; Start date & time ; 12/05/2017 23:49:57 ;
; Main task         ; Compilation         ;
; Revision Name     ; DMAC_Top            ;
+-------------------+---------------------+


+-----------------------------------------------------------------------------------------------------------------------------+
; Flow Non-Default Global Settings                                                                                            ;
+--------------------------------------+---------------------------------------+---------------+-------------+----------------+
; Assignment Name                      ; Value                                 ; Default Value ; Entity Name ; Section Id     ;
+--------------------------------------+---------------------------------------+---------------+-------------+----------------+
; COMPILER_SIGNATURE_ID                ; 40637552929323.151248539707484        ; --            ; --          ; --             ;
; EDA_DESIGN_INSTANCE_NAME             ; NA                                    ; --            ; --          ; tb_dmac_1      ;
; EDA_DESIGN_INSTANCE_NAME             ; NA                                    ; --            ; --          ; tb_dmac_2      ;
; EDA_DESIGN_INSTANCE_NAME             ; NA                                    ; --            ; --          ; tb_dmac_3      ;
; EDA_NATIVELINK_SIMULATION_TEST_BENCH ; tb_dmac_1                             ; --            ; --          ; eda_simulation ;
; EDA_OUTPUT_DATA_FORMAT               ; Verilog Hdl                           ; --            ; --          ; eda_simulation ;
; EDA_SIMULATION_TOOL                  ; ModelSim-Altera (Verilog)             ; <None>        ; --          ; --             ;
; EDA_TEST_BENCH_ENABLE_STATUS         ; TEST_BENCH_MODE                       ; --            ; --          ; eda_simulation ;
; EDA_TEST_BENCH_FILE                  ; tb_dmac_1.v                           ; --            ; --          ; tb_dmac_1      ;
; EDA_TEST_BENCH_FILE                  ; tb_dmac_2.v                           ; --            ; --          ; tb_dmac_2      ;
; EDA_TEST_BENCH_FILE                  ; tb_dmac_3.v                           ; --            ; --          ; tb_dmac_3      ;
; EDA_TEST_BENCH_MODULE_NAME           ; tb_dmac_1                             ; --            ; --          ; tb_dmac_1      ;
; EDA_TEST_BENCH_MODULE_NAME           ; tb_dmac_2                             ; --            ; --          ; tb_dmac_2      ;
; EDA_TEST_BENCH_MODULE_NAME           ; tb_dmac_3                             ; --            ; --          ; tb_dmac_3      ;
; EDA_TEST_BENCH_NAME                  ; tb_dmac_1                             ; --            ; --          ; eda_simulation ;
; EDA_TEST_BENCH_NAME                  ; tb_dmac_2                             ; --            ; --          ; eda_simulation ;
; EDA_TEST_BENCH_NAME                  ; tb_dmac_3                             ; --            ; --          ; eda_simulation ;
; EDA_TIME_SCALE                       ; 1 ps                                  ; --            ; --          ; eda_simulation ;
; MAX_CORE_JUNCTION_TEMP               ; 85                                    ; --            ; --          ; --             ;
; MIN_CORE_JUNCTION_TEMP               ; 0                                     ; --            ; --          ; --             ;
; PARTITION_COLOR                      ; 16764057                              ; --            ; --          ; Top            ;
; PARTITION_FITTER_PRESERVATION_LEVEL  ; PLACEMENT_AND_ROUTING                 ; --            ; --          ; Top            ;
; PARTITION_NETLIST_TYPE               ; SOURCE                                ; --            ; --          ; Top            ;
; POWER_BOARD_THERMAL_MODEL            ; None (CONSERVATIVE)                   ; --            ; --          ; --             ;
; POWER_PRESET_COOLING_SOLUTION        ; 23 MM HEAT SINK WITH 200 LFPM AIRFLOW ; --            ; --          ; --             ;
; PROJECT_OUTPUT_DIRECTORY             ; output_files                          ; --            ; --          ; --             ;
+--------------------------------------+---------------------------------------+---------------+-------------+----------------+


+-------------------------------------------------------------------------------------------------------------------------------+
; Flow Elapsed Time                                                                                                             ;
+---------------------------+--------------+-------------------------+---------------------+------------------------------------+
; Module Name               ; Elapsed Time ; Average Processors Used ; Peak Virtual Memory ; Total CPU Time (on all processors) ;
+---------------------------+--------------+-------------------------+---------------------+------------------------------------+
; Analysis & Synthesis      ; 00:00:16     ; 1.0                     ; 511 MB              ; 00:00:15                           ;
; Fitter                    ; 00:00:28     ; 1.0                     ; 896 MB              ; 00:00:25                           ;
; Assembler                 ; 00:00:04     ; 1.0                     ; 462 MB              ; 00:00:04                           ;
; TimeQuest Timing Analyzer ; 00:00:03     ; 1.0                     ; 478 MB              ; 00:00:02                           ;
; EDA Netlist Writer        ; 00:00:02     ; 1.0                     ; 450 MB              ; 00:00:02                           ;
; Total                     ; 00:00:53     ; --                      ; --                  ; 00:00:48                           ;
+---------------------------+--------------+-------------------------+---------------------+------------------------------------+


+----------------------------------------------------------------------------------------+
; Flow OS Summary                                                                        ;
+---------------------------+------------------+-----------+------------+----------------+
; Module Name               ; Machine Hostname ; OS Name   ; OS Version ; Processor type ;
+---------------------------+------------------+-----------+------------+----------------+
; Analysis & Synthesis      ; home             ; Windows 7 ; 6.2        ; x86_64         ;
; Fitter                    ; home             ; Windows 7 ; 6.2        ; x86_64         ;
; Assembler                 ; home             ; Windows 7 ; 6.2        ; x86_64         ;
; TimeQuest Timing Analyzer ; home             ; Windows 7 ; 6.2        ; x86_64         ;
; EDA Netlist Writer        ; home             ; Windows 7 ; 6.2        ; x86_64         ;
+---------------------------+------------------+-----------+------------+----------------+


------------
; Flow Log ;
------------
quartus_map --read_settings_files=on --write_settings_files=off DMAC_Top -c DMAC_Top
quartus_fit --read_settings_files=off --write_settings_files=off DMAC_Top -c DMAC_Top
quartus_asm --read_settings_files=off --write_settings_files=off DMAC_Top -c DMAC_Top
quartus_sta DMAC_Top -c DMAC_Top
quartus_eda --read_settings_files=off --write_settings_files=off DMAC_Top -c DMAC_Top



